<?xml version="1.0" encoding="UTF-8"?>
<!-- Generated by org.testng.reporters.JUnitXMLReporter -->
<testsuite ignored="0" hostname="Mikes-MacBook-Pro.local" failures="1" tests="2" name="Test" time="38.958" errors="0" timestamp="2023-05-29T23:38:11 PET">
  <testcase classname="main" name="emptyCart" time="11.608"/>
  <testcase classname="main" name="fillCart" time="11.951">
    <failure type="java.lang.AssertionError" message="Protein total sum does not match expected [2.73] but found [1.0]">
      <![CDATA[java.lang.AssertionError: Protein total sum does not match expected [2.73] but found [1.0]
at main.fillCart(main.java:43)
at java.base/java.util.ArrayList.forEach(ArrayList.java:1511)
... Removed 30 stack frames]]>
    </failure>
  </testcase> <!-- fillCart -->
</testsuite> <!-- Test -->
